[ 2026-05-11 11:20:20,275 ] 39 root - INFO - Start Data Ingestion
[ 2026-05-11 11:20:35,481 ] 64 root - INFO - Performed train test split on the dataframe
[ 2026-05-11 11:20:35,481 ] 65 root - INFO - Exited split_data_as_train_test method of DataIngestion class
[ 2026-05-11 11:20:35,483 ] 70 root - INFO - Exported train and test file path: [Artifacts\05_11_2026_11_19_43\data_ingestion\ingested\train.csv] and [Artifacts\05_11_2026_11_19_43\data_ingestion\ingested\test.csv]
[ 2026-05-11 11:20:35,580 ] 74 root - INFO - Exported train and test file path. Train test split is completed
[ 2026-05-11 11:20:35,582 ] 42 root - INFO - Data Ingestion completed and artifact: DataIngestionArtifact(trained_file_path='Artifacts\\05_11_2026_11_19_43\\data_ingestion\\ingested\\train.csv', test_file_path='Artifacts\\05_11_2026_11_19_43\\data_ingestion\\ingested\\test.csv')
[ 2026-05-11 11:20:35,583 ] 51 root - INFO - Start Data Validation
[ 2026-05-11 11:20:35,707 ] 32 root - INFO - Required number of columns: 2
[ 2026-05-11 11:20:35,707 ] 33 root - INFO - Dataframe has columns: 31
[ 2026-05-11 11:20:35,707 ] 32 root - INFO - Required number of columns: 2
[ 2026-05-11 11:20:35,707 ] 33 root - INFO - Dataframe has columns: 31
[ 2026-05-11 11:20:35,707 ] 44 root - INFO - Required numerical columns for: ['having_IP_Address', 'URL_Length', 'Shortining_Service', 'having_At_Symbol', 'double_slash_redirecting', 'Prefix_Suffix', 'having_Sub_Domain', 'SSLfinal_State', 'Domain_registeration_length', 'Favicon', 'port', 'HTTPS_token', 'Request_URL', 'URL_of_Anchor', 'Links_in_tags', 'SFH', 'Submitting_to_email', 'Abnormal_URL', 'Redirect', 'on_mouseover', 'RightClick', 'popUpWidnow', 'Iframe', 'age_of_domain', 'DNSRecord', 'web_traffic', 'Page_Rank', 'Google_Index', 'Links_pointing_to_page']
[ 2026-05-11 11:20:35,708 ] 46 root - INFO - Dataframe has numerical columns: ['having_IP_Address', 'URL_Length', 'Shortining_Service', 'having_At_Symbol', 'double_slash_redirecting', 'Prefix_Suffix', 'having_Sub_Domain', 'SSLfinal_State', 'Domain_registeration_length', 'Favicon', 'port', 'HTTPS_token', 'Request_URL', 'URL_of_Anchor', 'Links_in_tags', 'SFH', 'Submitting_to_email', 'Abnormal_URL', 'Redirect', 'on_mouseover', 'RightClick', 'popUpWidnow', 'Iframe', 'age_of_domain', 'DNSRecord', 'web_traffic', 'Page_Rank', 'Google_Index', 'Links_pointing_to_page', 'Statistical_report', 'Result']
[ 2026-05-11 11:20:35,708 ] 44 root - INFO - Required numerical columns for: ['having_IP_Address', 'URL_Length', 'Shortining_Service', 'having_At_Symbol', 'double_slash_redirecting', 'Prefix_Suffix', 'having_Sub_Domain', 'SSLfinal_State', 'Domain_registeration_length', 'Favicon', 'port', 'HTTPS_token', 'Request_URL', 'URL_of_Anchor', 'Links_in_tags', 'SFH', 'Submitting_to_email', 'Abnormal_URL', 'Redirect', 'on_mouseover', 'RightClick', 'popUpWidnow', 'Iframe', 'age_of_domain', 'DNSRecord', 'web_traffic', 'Page_Rank', 'Google_Index', 'Links_pointing_to_page']
[ 2026-05-11 11:20:35,709 ] 46 root - INFO - Dataframe has numerical columns: ['having_IP_Address', 'URL_Length', 'Shortining_Service', 'having_At_Symbol', 'double_slash_redirecting', 'Prefix_Suffix', 'having_Sub_Domain', 'SSLfinal_State', 'Domain_registeration_length', 'Favicon', 'port', 'HTTPS_token', 'Request_URL', 'URL_of_Anchor', 'Links_in_tags', 'SFH', 'Submitting_to_email', 'Abnormal_URL', 'Redirect', 'on_mouseover', 'RightClick', 'popUpWidnow', 'Iframe', 'age_of_domain', 'DNSRecord', 'web_traffic', 'Page_Rank', 'Google_Index', 'Links_pointing_to_page', 'Statistical_report', 'Result']
[ 2026-05-11 11:20:35,961 ] 54 root - INFO - Data Validation completed and artifact: DataValidationArtifact(validation_status=True, valid_train_file_path='Artifacts\\05_11_2026_11_19_43\\data_ingestion\\ingested\\train.csv', valid_test_file_path='Artifacts\\05_11_2026_11_19_43\\data_ingestion\\ingested\\test.csv', invalid_train_file_path=None, invalid_test_file_path=None, drift_report_file_path='Artifacts\\05_11_2026_11_19_43\\data_validation\\drift_report\\report.yaml')
[ 2026-05-11 11:20:35,962 ] 63 root - INFO - Start Data Transformation
[ 2026-05-11 11:20:35,962 ] 58 root - INFO - Entered initiate_data_transformation method of DataTransformation class
[ 2026-05-11 11:20:35,962 ] 60 root - INFO - Starting data transformation
[ 2026-05-11 11:20:36,010 ] 48 root - INFO - Entered get_data_transformer_object method of DataTransformation class
[ 2026-05-11 11:20:36,010 ] 51 root - INFO - Initialise KNNImputer with {'missing_values': nan, 'n_neighbors': 3, 'weights': 'uniform'}
[ 2026-05-11 11:20:36,033 ] 47 root - INFO - Entered the save_object method of MainUtils class
[ 2026-05-11 11:20:36,039 ] 51 root - INFO - Exited the save_object method of MainUtils class
[ 2026-05-11 11:20:36,039 ] 47 root - INFO - Entered the save_object method of MainUtils class
[ 2026-05-11 11:20:36,044 ] 51 root - INFO - Exited the save_object method of MainUtils class
[ 2026-05-11 11:20:36,044 ] 67 root - INFO - Data Transformation completed and artifact: DataTransformationArtifact(transformed_object_file_path='Artifacts\\05_11_2026_11_19_43\\data_transformation\\transformed_object\\preprocessor.pkl', transformed_train_file_path='Artifacts\\05_11_2026_11_19_43\\data_transformation\\transformed\\train.npy', transformed_test_file_path='Artifacts\\05_11_2026_11_19_43\\data_transformation\\transformed\\test.npy')
[ 2026-05-11 11:20:36,045 ] 76 root - INFO - Start Model Trainer
[ 2026-05-11 11:27:57,210 ] 47 root - INFO - Entered the save_object method of MainUtils class
[ 2026-05-11 11:27:57,217 ] 51 root - INFO - Exited the save_object method of MainUtils class
[ 2026-05-11 11:27:57,217 ] 47 root - INFO - Entered the save_object method of MainUtils class
[ 2026-05-11 11:27:57,243 ] 51 root - INFO - Exited the save_object method of MainUtils class
[ 2026-05-11 11:27:57,245 ] 144 root - INFO - Model trainer artifact: ModelTrainerArtifact(trained_model_file_path='Artifacts\\05_11_2026_11_19_43\\model_trainer\\trained_model\\model.pkl', train_metric_artifact=ClassificationMetricArtifact(f1_score=0.9904330312185297, precision_score=0.9874497991967871, recall_score=0.9934343434343434), test_metric_artifact=ClassificationMetricArtifact(f1_score=0.9904722452361227, precision_score=0.9904722452361227, recall_score=0.9904722452361227))
[ 2026-05-11 11:27:57,254 ] 81 root - INFO - Model Trainer completed and artifact: ModelTrainerArtifact(trained_model_file_path='Artifacts\\05_11_2026_11_19_43\\model_trainer\\trained_model\\model.pkl', train_metric_artifact=ClassificationMetricArtifact(f1_score=0.9904330312185297, precision_score=0.9874497991967871, recall_score=0.9934343434343434), test_metric_artifact=ClassificationMetricArtifact(f1_score=0.9904722452361227, precision_score=0.9904722452361227, recall_score=0.9904722452361227))
[ 2026-05-11 11:27:57,255 ] 119 root - INFO - Training Pipeline completed successfully
